[15-Aug-2014 17:04:01] PHP Fatal error:  Uncaught exception 'Exception' with message 'SQLSTATE[28000] [1045] Access denied for user 'turbodown_sweeps'@'localhost' (using password: YES)' in /Applications/MAMP/htdocs/9850_Columbia_turbo/HTML/classes/database.php:16
Stack trace:
#0 /Applications/MAMP/htdocs/9850_Columbia_turbo/HTML/classes/enter.php(50): mySqldb->__construct('turbodown_sweep...', 'q4IlKhbK', 'localhost', 'turbodown_sweep...')
#1 /Applications/MAMP/htdocs/9850_Columbia_turbo/HTML/classes/enter.php(40): Peabody->init()
#2 /Applications/MAMP/htdocs/9850_Columbia_turbo/HTML/classes/enter.php(4): Peabody->__construct()
#3 /Applications/MAMP/htdocs/9850_Columbia_turbo/HTML/index.php(2): require_once('/Applications/M...')
#4 {main}
  thrown in /Applications/MAMP/htdocs/9850_Columbia_turbo/HTML/classes/database.php on line 16
[20-Aug-2014 15:04:16] PHP Fatal error:  Uncaught exception 'Exception' with message 'SQLSTATE[28000] [1045] Access denied for user 'turbodown_sweeps'@'localhost' (using password: YES)' in /Applications/MAMP/htdocs/9850_Columbia_turbo/HTML/classes/database.php:16
Stack trace:
#0 /Applications/MAMP/htdocs/9850_Columbia_turbo/HTML/classes/enter.php(50): mySqldb->__construct('turbodown_sweep...', 'q4IlKhbK', 'localhost', 'turbodown_sweep...')
#1 /Applications/MAMP/htdocs/9850_Columbia_turbo/HTML/classes/enter.php(40): Peabody->init()
#2 /Applications/MAMP/htdocs/9850_Columbia_turbo/HTML/classes/enter.php(4): Peabody->__construct()
#3 /Applications/MAMP/htdocs/9850_Columbia_turbo/HTML/index.php(2): require_once('/Applications/M...')
#4 {main}
  thrown in /Applications/MAMP/htdocs/9850_Columbia_turbo/HTML/classes/database.php on line 16
[20-Aug-2014 15:04:20] PHP Fatal error:  Uncaught exception 'Exception' with message 'SQLSTATE[28000] [1045] Access denied for user 'turbodown_sweeps'@'localhost' (using password: YES)' in /Applications/MAMP/htdocs/9850_Columbia_turbo/HTML/classes/database.php:16
Stack trace:
#0 /Applications/MAMP/htdocs/9850_Columbia_turbo/HTML/classes/enter.php(50): mySqldb->__construct('turbodown_sweep...', 'q4IlKhbK', 'localhost', 'turbodown_sweep...')
#1 /Applications/MAMP/htdocs/9850_Columbia_turbo/HTML/classes/enter.php(40): Peabody->init()
#2 /Applications/MAMP/htdocs/9850_Columbia_turbo/HTML/classes/enter.php(4): Peabody->__construct()
#3 /Applications/MAMP/htdocs/9850_Columbia_turbo/HTML/index.php(2): require_once('/Applications/M...')
#4 {main}
  thrown in /Applications/MAMP/htdocs/9850_Columbia_turbo/HTML/classes/database.php on line 16
[20-Aug-2014 15:36:15] PHP Fatal error:  Uncaught exception 'Exception' with message 'SQLSTATE[28000] [1045] Access denied for user 'turbodown_sweeps'@'localhost' (using password: YES)' in /Applications/MAMP/htdocs/9850_Columbia_turbo/HTML/classes/database.php:16
Stack trace:
#0 /Applications/MAMP/htdocs/9850_Columbia_turbo/HTML/classes/enter.php(50): mySqldb->__construct('turbodown_sweep...', 'q4IlKhbK', 'localhost', 'turbodown_sweep...')
#1 /Applications/MAMP/htdocs/9850_Columbia_turbo/HTML/classes/enter.php(40): Peabody->init()
#2 /Applications/MAMP/htdocs/9850_Columbia_turbo/HTML/classes/enter.php(4): Peabody->__construct()
#3 /Applications/MAMP/htdocs/9850_Columbia_turbo/HTML/index.php(2): require_once('/Applications/M...')
#4 {main}
  thrown in /Applications/MAMP/htdocs/9850_Columbia_turbo/HTML/classes/database.php on line 16
[22-Aug-2014 16:09:13] PHP Fatal error:  Uncaught exception 'Exception' with message 'SQLSTATE[HY000] [2002] Can't connect to local MySQL server through socket '/Applications/MAMP/tmp/mysql/mysql.sock' (2)' in /Applications/MAMP/htdocs/9850_Columbia_turbo/HTML/classes/database.php:16
Stack trace:
#0 /Applications/MAMP/htdocs/9850_Columbia_turbo/HTML/classes/enter.php(50): mySqldb->__construct('turbodown_sweep...', 'q4IlKhbK', 'localhost', 'turbodown_sweep...')
#1 /Applications/MAMP/htdocs/9850_Columbia_turbo/HTML/classes/enter.php(40): Peabody->init()
#2 /Applications/MAMP/htdocs/9850_Columbia_turbo/HTML/classes/enter.php(4): Peabody->__construct()
#3 /Applications/MAMP/htdocs/9850_Columbia_turbo/HTML/index.php(2): require_once('/Applications/M...')
#4 {main}
  thrown in /Applications/MAMP/htdocs/9850_Columbia_turbo/HTML/classes/database.php on line 16
[22-Aug-2014 16:09:36] PHP Fatal error:  Uncaught exception 'Exception' with message 'SQLSTATE[HY000] [2002] Can't connect to local MySQL server through socket '/Applications/MAMP/tmp/mysql/mysql.sock' (2)' in /Applications/MAMP/htdocs/9850_Columbia_turbo/HTML/classes/database.php:16
Stack trace:
#0 /Applications/MAMP/htdocs/9850_Columbia_turbo/HTML/classes/enter.php(50): mySqldb->__construct('turbodown_sweep...', 'q4IlKhbK', 'localhost', 'turbodown_sweep...')
#1 /Applications/MAMP/htdocs/9850_Columbia_turbo/HTML/classes/enter.php(40): Peabody->init()
#2 /Applications/MAMP/htdocs/9850_Columbia_turbo/HTML/classes/enter.php(4): Peabody->__construct()
#3 /Applications/MAMP/htdocs/9850_Columbia_turbo/HTML/index.php(2): require_once('/Applications/M...')
#4 {main}
  thrown in /Applications/MAMP/htdocs/9850_Columbia_turbo/HTML/classes/database.php on line 16
[22-Aug-2014 16:13:42] PHP Fatal error:  Uncaught exception 'Exception' with message 'SQLSTATE[HY000] [2002] Can't connect to local MySQL server through socket '/Applications/MAMP/tmp/mysql/mysql.sock' (2)' in /Applications/MAMP/htdocs/9850_Columbia_turbo/HTML/classes/database.php:16
Stack trace:
#0 /Applications/MAMP/htdocs/9850_Columbia_turbo/HTML/classes/enter.php(50): mySqldb->__construct('turbodown_sweep...', 'q4IlKhbK', 'localhost', 'turbodown_sweep...')
#1 /Applications/MAMP/htdocs/9850_Columbia_turbo/HTML/classes/enter.php(40): Peabody->init()
#2 /Applications/MAMP/htdocs/9850_Columbia_turbo/HTML/classes/enter.php(4): Peabody->__construct()
#3 /Applications/MAMP/htdocs/9850_Columbia_turbo/HTML/index.php(2): require_once('/Applications/M...')
#4 {main}
  thrown in /Applications/MAMP/htdocs/9850_Columbia_turbo/HTML/classes/database.php on line 16
[22-Aug-2014 16:14:52] PHP Fatal error:  Uncaught exception 'Exception' with message 'SQLSTATE[HY000] [2002] Can't connect to local MySQL server through socket '/Applications/MAMP/tmp/mysql/mysql.sock' (2)' in /Applications/MAMP/htdocs/9850_Columbia_turbo/HTML/classes/database.php:16
Stack trace:
#0 /Applications/MAMP/htdocs/9850_Columbia_turbo/HTML/classes/enter.php(50): mySqldb->__construct('turbodown_sweep...', 'q4IlKhbK', 'localhost', 'turbodown_sweep...')
#1 /Applications/MAMP/htdocs/9850_Columbia_turbo/HTML/classes/enter.php(40): Peabody->init()
#2 /Applications/MAMP/htdocs/9850_Columbia_turbo/HTML/classes/enter.php(4): Peabody->__construct()
#3 /Applications/MAMP/htdocs/9850_Columbia_turbo/HTML/index.php(2): require_once('/Applications/M...')
#4 {main}
  thrown in /Applications/MAMP/htdocs/9850_Columbia_turbo/HTML/classes/database.php on line 16
[22-Aug-2014 16:19:03] PHP Fatal error:  Uncaught exception 'Exception' with message 'SQLSTATE[HY000] [2002] Can't connect to local MySQL server through socket '/Applications/MAMP/tmp/mysql/mysql.sock' (2)' in /Applications/MAMP/htdocs/9850_Columbia_turbo/HTML/classes/database.php:16
Stack trace:
#0 /Applications/MAMP/htdocs/9850_Columbia_turbo/HTML/classes/enter.php(50): mySqldb->__construct('turbodown_sweep...', 'q4IlKhbK', 'localhost', 'turbodown_sweep...')
#1 /Applications/MAMP/htdocs/9850_Columbia_turbo/HTML/classes/enter.php(40): Peabody->init()
#2 /Applications/MAMP/htdocs/9850_Columbia_turbo/HTML/classes/enter.php(4): Peabody->__construct()
#3 /Applications/MAMP/htdocs/9850_Columbia_turbo/HTML/index.php(2): require_once('/Applications/M...')
#4 {main}
  thrown in /Applications/MAMP/htdocs/9850_Columbia_turbo/HTML/classes/database.php on line 16
[22-Aug-2014 16:19:55] PHP Fatal error:  Uncaught exception 'Exception' with message 'SQLSTATE[HY000] [2002] Can't connect to local MySQL server through socket '/Applications/MAMP/tmp/mysql/mysql.sock' (2)' in /Applications/MAMP/htdocs/9850_Columbia_turbo/HTML/classes/database.php:16
Stack trace:
#0 /Applications/MAMP/htdocs/9850_Columbia_turbo/HTML/classes/enter.php(48): mySqldb->__construct('root', 'root', 'localhost', 'turbodown_sweep...')
#1 /Applications/MAMP/htdocs/9850_Columbia_turbo/HTML/classes/enter.php(40): Peabody->init()
#2 /Applications/MAMP/htdocs/9850_Columbia_turbo/HTML/classes/enter.php(4): Peabody->__construct()
#3 /Applications/MAMP/htdocs/9850_Columbia_turbo/HTML/index.php(2): require_once('/Applications/M...')
#4 {main}
  thrown in /Applications/MAMP/htdocs/9850_Columbia_turbo/HTML/classes/database.php on line 16
